[debug] [2024-02-07T09:59:01.534Z] ----------------------------------------------------------------------
[debug] [2024-02-07T09:59:01.539Z] Command:       /Users/marina/.nvm/versions/node/v20.9.0/bin/node /Users/marina/.nvm/versions/node/v20.9.0/bin/firebase deploy
[debug] [2024-02-07T09:59:01.539Z] CLI Version:   13.1.0
[debug] [2024-02-07T09:59:01.539Z] Platform:      darwin
[debug] [2024-02-07T09:59:01.540Z] Node Version:  v20.9.0
[debug] [2024-02-07T09:59:01.540Z] Time:          Wed Feb 07 2024 11:59:01 GMT+0200 (Eastern European Standard Time)
[debug] [2024-02-07T09:59:01.540Z] ----------------------------------------------------------------------
[debug] 
[debug] [2024-02-07T09:59:01.627Z] > command requires scopes: ["email","openid","https://www.googleapis.com/auth/cloudplatformprojects.readonly","https://www.googleapis.com/auth/firebase","https://www.googleapis.com/auth/cloud-platform"]
[debug] [2024-02-07T09:59:01.627Z] > authorizing via signed-in user (leonidbondarchuk6@gmail.com)
[debug] [2024-02-07T09:59:01.627Z] [iam] checking project foxdental-ea707 for permissions ["firebase.projects.get","firebasehosting.sites.update"]
[debug] [2024-02-07T09:59:01.630Z] >>> [apiv2][query] POST https://cloudresourcemanager.googleapis.com/v1/projects/foxdental-ea707:testIamPermissions [none]
[debug] [2024-02-07T09:59:01.630Z] >>> [apiv2][(partial)header] POST https://cloudresourcemanager.googleapis.com/v1/projects/foxdental-ea707:testIamPermissions x-goog-quota-user=projects/foxdental-ea707
[debug] [2024-02-07T09:59:01.631Z] >>> [apiv2][body] POST https://cloudresourcemanager.googleapis.com/v1/projects/foxdental-ea707:testIamPermissions {"permissions":["firebase.projects.get","firebasehosting.sites.update"]}
[debug] [2024-02-07T09:59:02.624Z] <<< [apiv2][status] POST https://cloudresourcemanager.googleapis.com/v1/projects/foxdental-ea707:testIamPermissions 200
[debug] [2024-02-07T09:59:02.625Z] <<< [apiv2][body] POST https://cloudresourcemanager.googleapis.com/v1/projects/foxdental-ea707:testIamPermissions {"permissions":["firebase.projects.get","firebasehosting.sites.update"]}
[debug] [2024-02-07T09:59:02.626Z] >>> [apiv2][query] GET https://firebase.googleapis.com/v1beta1/projects/foxdental-ea707 [none]
[debug] [2024-02-07T09:59:03.011Z] <<< [apiv2][status] GET https://firebase.googleapis.com/v1beta1/projects/foxdental-ea707 200
[debug] [2024-02-07T09:59:03.011Z] <<< [apiv2][body] GET https://firebase.googleapis.com/v1beta1/projects/foxdental-ea707 {"projectId":"foxdental-ea707","projectNumber":"211667581892","displayName":"Foxdental","name":"projects/foxdental-ea707","resources":{"hostingSite":"foxdental-ea707","storageBucket":"foxdental-ea707.appspot.com","locationId":"europe-west"},"state":"ACTIVE","etag":"1_428a2a26-477b-4daf-9d28-f3edd21cea19"}
[debug] [2024-02-07T09:59:05.575Z] >>> [apiv2][query] GET https://firebasehosting.googleapis.com/v1beta1/projects/foxdental-ea707/sites pageToken=&pageSize=10
[debug] [2024-02-07T09:59:06.767Z] <<< [apiv2][status] GET https://firebasehosting.googleapis.com/v1beta1/projects/foxdental-ea707/sites 200
[debug] [2024-02-07T09:59:06.767Z] <<< [apiv2][body] GET https://firebasehosting.googleapis.com/v1beta1/projects/foxdental-ea707/sites {"sites":[{"name":"projects/foxdental-ea707/sites/foxdental-ea707","defaultUrl":"https://foxdental-ea707.web.app","type":"DEFAULT_SITE"}]}
[debug] [2024-02-07T09:59:06.768Z] >>> [apiv2][query] GET https://firebasehosting.googleapis.com/v1beta1/projects/foxdental-ea707/sites 
[debug] [2024-02-07T09:59:07.064Z] <<< [apiv2][status] GET https://firebasehosting.googleapis.com/v1beta1/projects/foxdental-ea707/sites 200
[debug] [2024-02-07T09:59:07.065Z] <<< [apiv2][body] GET https://firebasehosting.googleapis.com/v1beta1/projects/foxdental-ea707/sites {"sites":[{"name":"projects/foxdental-ea707/sites/foxdental-ea707","defaultUrl":"https://foxdental-ea707.web.app","type":"DEFAULT_SITE"}]}
[debug] [2024-02-07T09:59:07.066Z] >>> [apiv2][query] GET https://firebase.googleapis.com/v1beta1/projects/foxdental-ea707/webApps/-/config [none]
[debug] [2024-02-07T09:59:07.991Z] <<< [apiv2][status] GET https://firebase.googleapis.com/v1beta1/projects/foxdental-ea707/webApps/-/config 200
[debug] [2024-02-07T09:59:07.991Z] <<< [apiv2][body] GET https://firebase.googleapis.com/v1beta1/projects/foxdental-ea707/webApps/-/config {"projectId":"foxdental-ea707","appId":"1:211667581892:web:e730c1a756efcb7854c291","storageBucket":"foxdental-ea707.appspot.com","locationId":"europe-west","apiKey":"AIzaSyDNPqeJmKuDmo6XbhLYrF9hskDPp5vN6W0","authDomain":"foxdental-ea707.firebaseapp.com","messagingSenderId":"211667581892","measurementId":"G-YY9ZG8XCHT"}
[info] 
   Thank you for trying our early preview of Next.js support on Firebase Hosting.
   During the preview, support is best-effort and breaking changes can be expected. Proceed with caution.

   Documentation: https://firebase.google.com/docs/hosting/frameworks/nextjs
   File a bug: https://github.com/firebase/firebase-tools/issues/new?template=bug_report.md
   Submit a feature request: https://github.com/firebase/firebase-tools/issues/new?template=feature_request.md

   We'd love to learn from you. Express your interest in helping us shape the future of Firebase Hosting: https://goo.gle/41enW5X

[debug] [2024-02-07T09:59:12.509Z] >>> [apiv2][query] GET https://firebasehosting.googleapis.com/v1beta1/projects/foxdental-ea707/sites/foxdental-ea707 [none]
[debug] [2024-02-07T09:59:12.764Z] <<< [apiv2][status] GET https://firebasehosting.googleapis.com/v1beta1/projects/foxdental-ea707/sites/foxdental-ea707 200
[debug] [2024-02-07T09:59:12.765Z] <<< [apiv2][body] GET https://firebasehosting.googleapis.com/v1beta1/projects/foxdental-ea707/sites/foxdental-ea707 {"name":"projects/foxdental-ea707/sites/foxdental-ea707","defaultUrl":"https://foxdental-ea707.web.app","type":"DEFAULT_SITE"}
[info]    ▲ Next.js 14.0.4

[info] 
   Creating an optimized production build ...

[info] <w> [webpack.cache.PackFileCacheStrategy] Skipped not serializable cache item 'Compilation/modules|javascript/auto|/Users/marina/Documents/GitHub/fox_dental/node_modules/next/dist/build/webpack/loaders/next-flight-css-loader.js??ruleSet[1].rules[12].oneOf[9].use[0]!/Users/marina/Documents/GitHub/fox_dental/node_modules/next/dist/build/webpack/loaders/css-loader/src/index.js??ruleSet[1].rules[12].oneOf[9].use[1]!/Users/marina/Documents/GitHub/fox_dental/node_modules/next/dist/build/webpack/loaders/postcss-loader/src/index.js??ruleSet[1].rules[12].oneOf[9].use[2]!/Users/marina/Documents/GitHub/fox_dental/node_modules/next/dist/build/webpack/loaders/resolve-url-loader/index.js??ruleSet[1].rules[12].oneOf[9].use[3]!/Users/marina/Documents/GitHub/fox_dental/node_modules/next/dist/compiled/sass-loader/cjs.js??ruleSet[1].rules[12].oneOf[9].use[4]!/Users/marina/Documents/GitHub/fox_dental/src/components/servisesPageComponents/servise/Servise.module.scss|ssr': No serializer registered for Warning
<w> while serializing webpack/lib/cache/PackFileCacheStrategy.PackContentItems -> webpack/lib/NormalModule -> Array { 1 items } -> webpack/lib/ModuleWarning -> Warning

[info] (node:70860) [DEP_WEBPACK_MODULE_UPDATE_HASH] DeprecationWarning: Module.updateHash: Use new ChunkGraph API
(Use `node --trace-deprecation ...` to show where the warning was created)

[info]  ⚠ Compiled with warnings


[info] ./src/components/servisesPageComponents/servise/Servise.module.scss
Warning

(1:358) autoprefixer: end value has mixed support, consider using flex-end instead

Import trace for requested module:
./src/components/servisesPageComponents/servise/Servise.module.scss
./src/components/servisesPageComponents/servise/Servise.jsx
./src/app/servises/page.jsx


[info]    Linting and checking validity of types ...

[info]    Collecting page data ...

[info]    Generating static pages (0/7) ...

[info]    Generating static pages (1/7) 

[info] [2024-02-07T09:59:27.575Z]  @firebase/analytics: Analytics: Firebase Analytics is not supported in this environment. Wrap initialization of analytics in analytics.isSupported() to prevent initialization in unsupported environments. Details: (1) Cookies are not available. (analytics/invalid-analytics-context).
ReferenceError: window is not defined
    at rr (/Users/marina/Documents/GitHub/fox_dental/.next/server/chunks/955.js:627:571)
    at rL (/Users/marina/Documents/GitHub/fox_dental/.next/server/chunks/955.js:672:948)
    at en.instanceFactory (/Users/marina/Documents/GitHub/fox_dental/.next/server/chunks/955.js:672:1877)
    at es.getOrInitializeService (/Users/marina/Documents/GitHub/fox_dental/.next/server/chunks/955.js:192:2847)
    at es.initialize (/Users/marina/Documents/GitHub/fox_dental/.next/server/chunks/955.js:192:2185)
    at rB (/Users/marina/Documents/GitHub/fox_dental/.next/server/chunks/955.js:672:1367)
    at rj (/Users/marina/Documents/GitHub/fox_dental/.next/server/chunks/955.js:672:1179)
    at 1688 (/Users/marina/Documents/GitHub/fox_dental/.next/server/chunks/578.js:9:6249)
    at t (/Users/marina/Documents/GitHub/fox_dental/.next/server/webpack-runtime.js:1:128)
    at 8331 (/Users/marina/Documents/GitHub/fox_dental/.next/server/app/servises/page.js:1:6773)

Error occurred prerendering page "/servises". Read more: https://nextjs.org/docs/messages/prerender-error
ReferenceError: window is not defined
    at rr (/Users/marina/Documents/GitHub/fox_dental/.next/server/chunks/955.js:627:571)
    at rL (/Users/marina/Documents/GitHub/fox_dental/.next/server/chunks/955.js:672:948)
    at en.instanceFactory (/Users/marina/Documents/GitHub/fox_dental/.next/server/chunks/955.js:672:1877)
    at es.getOrInitializeService (/Users/marina/Documents/GitHub/fox_dental/.next/server/chunks/955.js:192:2847)
    at es.initialize (/Users/marina/Documents/GitHub/fox_dental/.next/server/chunks/955.js:192:2185)
    at rB (/Users/marina/Documents/GitHub/fox_dental/.next/server/chunks/955.js:672:1367)
    at rj (/Users/marina/Documents/GitHub/fox_dental/.next/server/chunks/955.js:672:1179)
    at 1688 (/Users/marina/Documents/GitHub/fox_dental/.next/server/chunks/578.js:9:6249)
    at t (/Users/marina/Documents/GitHub/fox_dental/.next/server/webpack-runtime.js:1:128)
    at 8331 (/Users/marina/Documents/GitHub/fox_dental/.next/server/app/servises/page.js:1:6773)

[info] [2024-02-07T09:59:27.752Z]  @firebase/analytics: Analytics: Firebase Analytics is not supported in this environment. Wrap initialization of analytics in analytics.isSupported() to prevent initialization in unsupported environments. Details: (1) Cookies are not available. (analytics/invalid-analytics-context).
ReferenceError: window is not defined
    at rr (/Users/marina/Documents/GitHub/fox_dental/.next/server/chunks/955.js:627:571)
    at rL (/Users/marina/Documents/GitHub/fox_dental/.next/server/chunks/955.js:672:948)
    at en.instanceFactory (/Users/marina/Documents/GitHub/fox_dental/.next/server/chunks/955.js:672:1877)
    at es.getOrInitializeService (/Users/marina/Documents/GitHub/fox_dental/.next/server/chunks/955.js:192:2847)
    at es.initialize (/Users/marina/Documents/GitHub/fox_dental/.next/server/chunks/955.js:192:2185)
    at rB (/Users/marina/Documents/GitHub/fox_dental/.next/server/chunks/955.js:672:1367)
    at rj (/Users/marina/Documents/GitHub/fox_dental/.next/server/chunks/955.js:672:1179)
    at 1688 (/Users/marina/Documents/GitHub/fox_dental/.next/server/chunks/578.js:9:6249)
    at t (/Users/marina/Documents/GitHub/fox_dental/.next/server/webpack-runtime.js:1:128)
    at 8882 (/Users/marina/Documents/GitHub/fox_dental/.next/server/chunks/578.js:9:6310)

Error occurred prerendering page "/contacts". Read more: https://nextjs.org/docs/messages/prerender-error
ReferenceError: window is not defined
    at rr (/Users/marina/Documents/GitHub/fox_dental/.next/server/chunks/955.js:627:571)
    at rL (/Users/marina/Documents/GitHub/fox_dental/.next/server/chunks/955.js:672:948)
    at en.instanceFactory (/Users/marina/Documents/GitHub/fox_dental/.next/server/chunks/955.js:672:1877)
    at es.getOrInitializeService (/Users/marina/Documents/GitHub/fox_dental/.next/server/chunks/955.js:192:2847)
    at es.initialize (/Users/marina/Documents/GitHub/fox_dental/.next/server/chunks/955.js:192:2185)
    at rB (/Users/marina/Documents/GitHub/fox_dental/.next/server/chunks/955.js:672:1367)
    at rj (/Users/marina/Documents/GitHub/fox_dental/.next/server/chunks/955.js:672:1179)
    at 1688 (/Users/marina/Documents/GitHub/fox_dental/.next/server/chunks/578.js:9:6249)
    at t (/Users/marina/Documents/GitHub/fox_dental/.next/server/webpack-runtime.js:1:128)
    at 8882 (/Users/marina/Documents/GitHub/fox_dental/.next/server/chunks/578.js:9:6310)
[2024-02-07T09:59:27.790Z]  @firebase/analytics: Analytics: Firebase Analytics is not supported in this environment. Wrap initialization of analytics in analytics.isSupported() to prevent initialization in unsupported environments. Details: (1) Cookies are not available. (analytics/invalid-analytics-context).
ReferenceError: window is not defined
    at rr (/Users/marina/Documents/GitHub/fox_dental/.next/server/chunks/955.js:627:571)
    at rL (/Users/marina/Documents/GitHub/fox_dental/.next/server/chunks/955.js:672:948)
    at en.instanceFactory (/Users/marina/Documents/GitHub/fox_dental/.next/server/chunks/955.js:672:1877)
    at es.getOrInitializeService (/Users/marina/Documents/GitHub/fox_dental/.next/server/chunks/955.js:192:2847)
    at es.initialize (/Users/marina/Documents/GitHub/fox_dental/.next/server/chunks/955.js:192:2185)
    at rB (/Users/marina/Documents/GitHub/fox_dental/.next/server/chunks/955.js:672:1367)
    at rj (/Users/marina/Documents/GitHub/fox_dental/.next/server/chunks/955.js:672:1179)
    at 1688 (/Users/marina/Documents/GitHub/fox_dental/.next/server/chunks/578.js:9:6249)
    at t (/Users/marina/Documents/GitHub/fox_dental/.next/server/webpack-runtime.js:1:128)
    at 8882 (/Users/marina/Documents/GitHub/fox_dental/.next/server/chunks/578.js:9:6310)

Error occurred prerendering page "/_not-found". Read more: https://nextjs.org/docs/messages/prerender-error
ReferenceError: window is not defined
    at rr (/Users/marina/Documents/GitHub/fox_dental/.next/server/chunks/955.js:627:571)
    at rL (/Users/marina/Documents/GitHub/fox_dental/.next/server/chunks/955.js:672:948)
    at en.instanceFactory (/Users/marina/Documents/GitHub/fox_dental/.next/server/chunks/955.js:672:1877)
    at es.getOrInitializeService (/Users/marina/Documents/GitHub/fox_dental/.next/server/chunks/955.js:192:2847)
    at es.initialize (/Users/marina/Documents/GitHub/fox_dental/.next/server/chunks/955.js:192:2185)
    at rB (/Users/marina/Documents/GitHub/fox_dental/.next/server/chunks/955.js:672:1367)
    at rj (/Users/marina/Documents/GitHub/fox_dental/.next/server/chunks/955.js:672:1179)
    at 1688 (/Users/marina/Documents/GitHub/fox_dental/.next/server/chunks/578.js:9:6249)
    at t (/Users/marina/Documents/GitHub/fox_dental/.next/server/webpack-runtime.js:1:128)
    at 8882 (/Users/marina/Documents/GitHub/fox_dental/.next/server/chunks/578.js:9:6310)

[info]    Generating static pages (3/7) 

[info]    Generating static pages (5/7) 

[info] [2024-02-07T09:59:28.354Z]  @firebase/analytics: Analytics: Firebase Analytics is not supported in this environment. Wrap initialization of analytics in analytics.isSupported() to prevent initialization in unsupported environments. Details: (1) Cookies are not available. (analytics/invalid-analytics-context).
ReferenceError: window is not defined
    at rr (/Users/marina/Documents/GitHub/fox_dental/.next/server/chunks/955.js:627:571)
    at rL (/Users/marina/Documents/GitHub/fox_dental/.next/server/chunks/955.js:672:948)
    at en.instanceFactory (/Users/marina/Documents/GitHub/fox_dental/.next/server/chunks/955.js:672:1877)
    at es.getOrInitializeService (/Users/marina/Documents/GitHub/fox_dental/.next/server/chunks/955.js:192:2847)
    at es.initialize (/Users/marina/Documents/GitHub/fox_dental/.next/server/chunks/955.js:192:2185)
    at rB (/Users/marina/Documents/GitHub/fox_dental/.next/server/chunks/955.js:672:1367)
    at rj (/Users/marina/Documents/GitHub/fox_dental/.next/server/chunks/955.js:672:1179)
    at 1688 (/Users/marina/Documents/GitHub/fox_dental/.next/server/chunks/578.js:9:6249)
    at t (/Users/marina/Documents/GitHub/fox_dental/.next/server/webpack-runtime.js:1:128)
    at 8331 (/Users/marina/Documents/GitHub/fox_dental/.next/server/app/prices/page.js:1:8229)

Error occurred prerendering page "/prices". Read more: https://nextjs.org/docs/messages/prerender-error
ReferenceError: window is not defined
    at rr (/Users/marina/Documents/GitHub/fox_dental/.next/server/chunks/955.js:627:571)
    at rL (/Users/marina/Documents/GitHub/fox_dental/.next/server/chunks/955.js:672:948)
    at en.instanceFactory (/Users/marina/Documents/GitHub/fox_dental/.next/server/chunks/955.js:672:1877)
    at es.getOrInitializeService (/Users/marina/Documents/GitHub/fox_dental/.next/server/chunks/955.js:192:2847)
    at es.initialize (/Users/marina/Documents/GitHub/fox_dental/.next/server/chunks/955.js:192:2185)
    at rB (/Users/marina/Documents/GitHub/fox_dental/.next/server/chunks/955.js:672:1367)
    at rj (/Users/marina/Documents/GitHub/fox_dental/.next/server/chunks/955.js:672:1179)
    at 1688 (/Users/marina/Documents/GitHub/fox_dental/.next/server/chunks/578.js:9:6249)
    at t (/Users/marina/Documents/GitHub/fox_dental/.next/server/webpack-runtime.js:1:128)
    at 8331 (/Users/marina/Documents/GitHub/fox_dental/.next/server/app/prices/page.js:1:8229)

[info] [2024-02-07T09:59:28.366Z]  @firebase/analytics: Analytics: Firebase Analytics is not supported in this environment. Wrap initialization of analytics in analytics.isSupported() to prevent initialization in unsupported environments. Details: (1) Cookies are not available. (analytics/invalid-analytics-context).
ReferenceError: window is not defined
    at rr (/Users/marina/Documents/GitHub/fox_dental/.next/server/chunks/955.js:627:571)
    at rL (/Users/marina/Documents/GitHub/fox_dental/.next/server/chunks/955.js:672:948)
    at en.instanceFactory (/Users/marina/Documents/GitHub/fox_dental/.next/server/chunks/955.js:672:1877)
    at es.getOrInitializeService (/Users/marina/Documents/GitHub/fox_dental/.next/server/chunks/955.js:192:2847)
    at es.initialize (/Users/marina/Documents/GitHub/fox_dental/.next/server/chunks/955.js:192:2185)
    at rB (/Users/marina/Documents/GitHub/fox_dental/.next/server/chunks/955.js:672:1367)
    at rj (/Users/marina/Documents/GitHub/fox_dental/.next/server/chunks/955.js:672:1179)
    at 1688 (/Users/marina/Documents/GitHub/fox_dental/.next/server/chunks/578.js:9:6249)
    at t (/Users/marina/Documents/GitHub/fox_dental/.next/server/webpack-runtime.js:1:128)
    at 8882 (/Users/marina/Documents/GitHub/fox_dental/.next/server/chunks/578.js:9:6310)

Error occurred prerendering page "/". Read more: https://nextjs.org/docs/messages/prerender-error
ReferenceError: window is not defined
    at rr (/Users/marina/Documents/GitHub/fox_dental/.next/server/chunks/955.js:627:571)
    at rL (/Users/marina/Documents/GitHub/fox_dental/.next/server/chunks/955.js:672:948)
    at en.instanceFactory (/Users/marina/Documents/GitHub/fox_dental/.next/server/chunks/955.js:672:1877)
    at es.getOrInitializeService (/Users/marina/Documents/GitHub/fox_dental/.next/server/chunks/955.js:192:2847)
    at es.initialize (/Users/marina/Documents/GitHub/fox_dental/.next/server/chunks/955.js:192:2185)
    at rB (/Users/marina/Documents/GitHub/fox_dental/.next/server/chunks/955.js:672:1367)
    at rj (/Users/marina/Documents/GitHub/fox_dental/.next/server/chunks/955.js:672:1179)
    at 1688 (/Users/marina/Documents/GitHub/fox_dental/.next/server/chunks/578.js:9:6249)
    at t (/Users/marina/Documents/GitHub/fox_dental/.next/server/webpack-runtime.js:1:128)
    at 8882 (/Users/marina/Documents/GitHub/fox_dental/.next/server/chunks/578.js:9:6310)

[info]  ✓ Generating static pages (7/7) 

[info] 

[info] > Export encountered errors on following paths:
	/_not-found
	/contacts/page: /contacts
	/page: /
	/prices/page: /prices
	/servises/page: /servises

[debug] [2024-02-07T09:59:30.255Z] Error: ENOENT: no such file or directory, open '/Users/marina/Documents/GitHub/fox_dental/.next/export-marker.json'
[error] 
[error] Error: An unexpected error has occurred.
[debug] [2024-02-07T10:02:44.294Z] ----------------------------------------------------------------------
[debug] [2024-02-07T10:02:44.299Z] Command:       /Users/marina/.nvm/versions/node/v20.9.0/bin/node /Users/marina/.nvm/versions/node/v20.9.0/bin/firebase deploy
[debug] [2024-02-07T10:02:44.299Z] CLI Version:   13.1.0
[debug] [2024-02-07T10:02:44.300Z] Platform:      darwin
[debug] [2024-02-07T10:02:44.300Z] Node Version:  v20.9.0
[debug] [2024-02-07T10:02:44.300Z] Time:          Wed Feb 07 2024 12:02:44 GMT+0200 (Eastern European Standard Time)
[debug] [2024-02-07T10:02:44.300Z] ----------------------------------------------------------------------
[debug] 
[debug] [2024-02-07T10:02:44.577Z] > command requires scopes: ["email","openid","https://www.googleapis.com/auth/cloudplatformprojects.readonly","https://www.googleapis.com/auth/firebase","https://www.googleapis.com/auth/cloud-platform"]
[debug] [2024-02-07T10:02:44.578Z] > authorizing via signed-in user (leonidbondarchuk6@gmail.com)
[debug] [2024-02-07T10:02:44.578Z] [iam] checking project foxdental-ea707 for permissions ["firebase.projects.get","firebasehosting.sites.update"]
[debug] [2024-02-07T10:02:44.581Z] >>> [apiv2][query] POST https://cloudresourcemanager.googleapis.com/v1/projects/foxdental-ea707:testIamPermissions [none]
[debug] [2024-02-07T10:02:44.581Z] >>> [apiv2][(partial)header] POST https://cloudresourcemanager.googleapis.com/v1/projects/foxdental-ea707:testIamPermissions x-goog-quota-user=projects/foxdental-ea707
[debug] [2024-02-07T10:02:44.581Z] >>> [apiv2][body] POST https://cloudresourcemanager.googleapis.com/v1/projects/foxdental-ea707:testIamPermissions {"permissions":["firebase.projects.get","firebasehosting.sites.update"]}
[debug] [2024-02-07T10:02:45.904Z] <<< [apiv2][status] POST https://cloudresourcemanager.googleapis.com/v1/projects/foxdental-ea707:testIamPermissions 200
[debug] [2024-02-07T10:02:45.904Z] <<< [apiv2][body] POST https://cloudresourcemanager.googleapis.com/v1/projects/foxdental-ea707:testIamPermissions {"permissions":["firebase.projects.get","firebasehosting.sites.update"]}
[debug] [2024-02-07T10:02:45.906Z] >>> [apiv2][query] GET https://firebase.googleapis.com/v1beta1/projects/foxdental-ea707 [none]
[debug] [2024-02-07T10:02:46.508Z] <<< [apiv2][status] GET https://firebase.googleapis.com/v1beta1/projects/foxdental-ea707 200
[debug] [2024-02-07T10:02:46.508Z] <<< [apiv2][body] GET https://firebase.googleapis.com/v1beta1/projects/foxdental-ea707 {"projectId":"foxdental-ea707","projectNumber":"211667581892","displayName":"Foxdental","name":"projects/foxdental-ea707","resources":{"hostingSite":"foxdental-ea707","storageBucket":"foxdental-ea707.appspot.com","locationId":"europe-west"},"state":"ACTIVE","etag":"1_428a2a26-477b-4daf-9d28-f3edd21cea19"}
[debug] [2024-02-07T10:02:50.556Z] >>> [apiv2][query] GET https://firebasehosting.googleapis.com/v1beta1/projects/foxdental-ea707/sites pageToken=&pageSize=10
[debug] [2024-02-07T10:02:51.684Z] <<< [apiv2][status] GET https://firebasehosting.googleapis.com/v1beta1/projects/foxdental-ea707/sites 200
[debug] [2024-02-07T10:02:51.684Z] <<< [apiv2][body] GET https://firebasehosting.googleapis.com/v1beta1/projects/foxdental-ea707/sites {"sites":[{"name":"projects/foxdental-ea707/sites/foxdental-ea707","defaultUrl":"https://foxdental-ea707.web.app","type":"DEFAULT_SITE"}]}
[debug] [2024-02-07T10:02:51.684Z] >>> [apiv2][query] GET https://firebasehosting.googleapis.com/v1beta1/projects/foxdental-ea707/sites 
[debug] [2024-02-07T10:02:52.019Z] <<< [apiv2][status] GET https://firebasehosting.googleapis.com/v1beta1/projects/foxdental-ea707/sites 200
[debug] [2024-02-07T10:02:52.019Z] <<< [apiv2][body] GET https://firebasehosting.googleapis.com/v1beta1/projects/foxdental-ea707/sites {"sites":[{"name":"projects/foxdental-ea707/sites/foxdental-ea707","defaultUrl":"https://foxdental-ea707.web.app","type":"DEFAULT_SITE"}]}
[debug] [2024-02-07T10:02:52.019Z] >>> [apiv2][query] GET https://firebase.googleapis.com/v1beta1/projects/foxdental-ea707/webApps/-/config [none]
[debug] [2024-02-07T10:02:52.891Z] <<< [apiv2][status] GET https://firebase.googleapis.com/v1beta1/projects/foxdental-ea707/webApps/-/config 200
[debug] [2024-02-07T10:02:52.891Z] <<< [apiv2][body] GET https://firebase.googleapis.com/v1beta1/projects/foxdental-ea707/webApps/-/config {"projectId":"foxdental-ea707","appId":"1:211667581892:web:e730c1a756efcb7854c291","storageBucket":"foxdental-ea707.appspot.com","locationId":"europe-west","apiKey":"AIzaSyDNPqeJmKuDmo6XbhLYrF9hskDPp5vN6W0","authDomain":"foxdental-ea707.firebaseapp.com","messagingSenderId":"211667581892","measurementId":"G-YY9ZG8XCHT"}
[info] 
   Thank you for trying our early preview of Next.js support on Firebase Hosting.
   During the preview, support is best-effort and breaking changes can be expected. Proceed with caution.

   Documentation: https://firebase.google.com/docs/hosting/frameworks/nextjs
   File a bug: https://github.com/firebase/firebase-tools/issues/new?template=bug_report.md
   Submit a feature request: https://github.com/firebase/firebase-tools/issues/new?template=feature_request.md

   We'd love to learn from you. Express your interest in helping us shape the future of Firebase Hosting: https://goo.gle/41enW5X

[debug] [2024-02-07T10:03:01.263Z] >>> [apiv2][query] GET https://firebasehosting.googleapis.com/v1beta1/projects/foxdental-ea707/sites/foxdental-ea707 [none]
[debug] [2024-02-07T10:03:02.591Z] <<< [apiv2][status] GET https://firebasehosting.googleapis.com/v1beta1/projects/foxdental-ea707/sites/foxdental-ea707 200
[debug] [2024-02-07T10:03:02.591Z] <<< [apiv2][body] GET https://firebasehosting.googleapis.com/v1beta1/projects/foxdental-ea707/sites/foxdental-ea707 {"name":"projects/foxdental-ea707/sites/foxdental-ea707","defaultUrl":"https://foxdental-ea707.web.app","type":"DEFAULT_SITE"}
[info]    ▲ Next.js 14.0.4

   Creating an optimized production build ...

[info] <w> [webpack.cache.PackFileCacheStrategy] Skipped not serializable cache item 'Compilation/modules|javascript/auto|/Users/marina/Documents/GitHub/fox_dental/node_modules/next/dist/build/webpack/loaders/next-flight-css-loader.js??ruleSet[1].rules[12].oneOf[9].use[0]!/Users/marina/Documents/GitHub/fox_dental/node_modules/next/dist/build/webpack/loaders/css-loader/src/index.js??ruleSet[1].rules[12].oneOf[9].use[1]!/Users/marina/Documents/GitHub/fox_dental/node_modules/next/dist/build/webpack/loaders/postcss-loader/src/index.js??ruleSet[1].rules[12].oneOf[9].use[2]!/Users/marina/Documents/GitHub/fox_dental/node_modules/next/dist/build/webpack/loaders/resolve-url-loader/index.js??ruleSet[1].rules[12].oneOf[9].use[3]!/Users/marina/Documents/GitHub/fox_dental/node_modules/next/dist/compiled/sass-loader/cjs.js??ruleSet[1].rules[12].oneOf[9].use[4]!/Users/marina/Documents/GitHub/fox_dental/src/components/servisesPageComponents/servise/Servise.module.scss|ssr': No serializer registered for Warning
<w> while serializing webpack/lib/cache/PackFileCacheStrategy.PackContentItems -> webpack/lib/NormalModule -> Array { 1 items } -> webpack/lib/ModuleWarning -> Warning

[info] (node:71121) [DEP_WEBPACK_MODULE_UPDATE_HASH] DeprecationWarning: Module.updateHash: Use new ChunkGraph API
(Use `node --trace-deprecation ...` to show where the warning was created)

[info]  ⚠ Compiled with warnings


[info] ./src/components/servisesPageComponents/servise/Servise.module.scss
Warning

(1:358) autoprefixer: end value has mixed support, consider using flex-end instead

Import trace for requested module:
./src/components/servisesPageComponents/servise/Servise.module.scss
./src/components/servisesPageComponents/servise/Servise.jsx
./src/app/servises/page.jsx


[info]    Linting and checking validity of types ...

[info]    Collecting page data ...

[info] unhandledRejection Error [PageNotFoundError]: Cannot find module for page: /_document
    at getPagePath (/Users/marina/Documents/GitHub/fox_dental/node_modules/next/dist/server/require.js:94:15)
    at requirePage (/Users/marina/Documents/GitHub/fox_dental/node_modules/next/dist/server/require.js:99:22)
    at /Users/marina/Documents/GitHub/fox_dental/node_modules/next/dist/server/load-components.js:55:65
    at process.processTicksAndRejections (node:internal/process/task_queues:95:5)
    at async Promise.all (index 0)
    at async loadComponentsImpl (/Users/marina/Documents/GitHub/fox_dental/node_modules/next/dist/server/load-components.js:54:33)
    at async Object.hasCustomGetInitialProps (/Users/marina/Documents/GitHub/fox_dental/node_modules/next/dist/build/utils.js:1225:24) {
  type: 'PageNotFoundError',
  code: 'ENOENT'
}

[debug] [2024-02-07T10:03:28.646Z] Error: ENOENT: no such file or directory, open '/Users/marina/Documents/GitHub/fox_dental/.next/export-marker.json'
[error] 
[error] Error: An unexpected error has occurred.
[debug] [2024-02-07T10:08:41.524Z] ----------------------------------------------------------------------
[debug] [2024-02-07T10:08:41.528Z] Command:       /Users/marina/.nvm/versions/node/v20.9.0/bin/node /Users/marina/.nvm/versions/node/v20.9.0/bin/firebase deploy
[debug] [2024-02-07T10:08:41.528Z] CLI Version:   13.1.0
[debug] [2024-02-07T10:08:41.528Z] Platform:      darwin
[debug] [2024-02-07T10:08:41.529Z] Node Version:  v20.9.0
[debug] [2024-02-07T10:08:41.529Z] Time:          Wed Feb 07 2024 12:08:41 GMT+0200 (Eastern European Standard Time)
[debug] [2024-02-07T10:08:41.529Z] ----------------------------------------------------------------------
[debug] 
[debug] [2024-02-07T10:08:41.671Z] > command requires scopes: ["email","openid","https://www.googleapis.com/auth/cloudplatformprojects.readonly","https://www.googleapis.com/auth/firebase","https://www.googleapis.com/auth/cloud-platform"]
[debug] [2024-02-07T10:08:41.672Z] > authorizing via signed-in user (leonidbondarchuk6@gmail.com)
[debug] [2024-02-07T10:08:41.672Z] [iam] checking project foxdental-ea707 for permissions ["firebase.projects.get","firebasehosting.sites.update"]
[debug] [2024-02-07T10:08:41.674Z] >>> [apiv2][query] POST https://cloudresourcemanager.googleapis.com/v1/projects/foxdental-ea707:testIamPermissions [none]
[debug] [2024-02-07T10:08:41.675Z] >>> [apiv2][(partial)header] POST https://cloudresourcemanager.googleapis.com/v1/projects/foxdental-ea707:testIamPermissions x-goog-quota-user=projects/foxdental-ea707
[debug] [2024-02-07T10:08:41.675Z] >>> [apiv2][body] POST https://cloudresourcemanager.googleapis.com/v1/projects/foxdental-ea707:testIamPermissions {"permissions":["firebase.projects.get","firebasehosting.sites.update"]}
[debug] [2024-02-07T10:08:42.900Z] <<< [apiv2][status] POST https://cloudresourcemanager.googleapis.com/v1/projects/foxdental-ea707:testIamPermissions 200
[debug] [2024-02-07T10:08:42.901Z] <<< [apiv2][body] POST https://cloudresourcemanager.googleapis.com/v1/projects/foxdental-ea707:testIamPermissions {"permissions":["firebase.projects.get","firebasehosting.sites.update"]}
[debug] [2024-02-07T10:08:42.902Z] >>> [apiv2][query] GET https://firebase.googleapis.com/v1beta1/projects/foxdental-ea707 [none]
[debug] [2024-02-07T10:08:43.482Z] <<< [apiv2][status] GET https://firebase.googleapis.com/v1beta1/projects/foxdental-ea707 200
[debug] [2024-02-07T10:08:43.483Z] <<< [apiv2][body] GET https://firebase.googleapis.com/v1beta1/projects/foxdental-ea707 {"projectId":"foxdental-ea707","projectNumber":"211667581892","displayName":"Foxdental","name":"projects/foxdental-ea707","resources":{"hostingSite":"foxdental-ea707","storageBucket":"foxdental-ea707.appspot.com","locationId":"europe-west"},"state":"ACTIVE","etag":"1_428a2a26-477b-4daf-9d28-f3edd21cea19"}
[debug] [2024-02-07T10:08:48.685Z] >>> [apiv2][query] GET https://firebasehosting.googleapis.com/v1beta1/projects/foxdental-ea707/sites pageToken=&pageSize=10
[debug] [2024-02-07T10:08:50.025Z] <<< [apiv2][status] GET https://firebasehosting.googleapis.com/v1beta1/projects/foxdental-ea707/sites 200
[debug] [2024-02-07T10:08:50.025Z] <<< [apiv2][body] GET https://firebasehosting.googleapis.com/v1beta1/projects/foxdental-ea707/sites {"sites":[{"name":"projects/foxdental-ea707/sites/foxdental-ea707","defaultUrl":"https://foxdental-ea707.web.app","type":"DEFAULT_SITE"}]}
[debug] [2024-02-07T10:08:50.026Z] >>> [apiv2][query] GET https://firebasehosting.googleapis.com/v1beta1/projects/foxdental-ea707/sites 
[debug] [2024-02-07T10:08:50.323Z] <<< [apiv2][status] GET https://firebasehosting.googleapis.com/v1beta1/projects/foxdental-ea707/sites 200
[debug] [2024-02-07T10:08:50.324Z] <<< [apiv2][body] GET https://firebasehosting.googleapis.com/v1beta1/projects/foxdental-ea707/sites {"sites":[{"name":"projects/foxdental-ea707/sites/foxdental-ea707","defaultUrl":"https://foxdental-ea707.web.app","type":"DEFAULT_SITE"}]}
[debug] [2024-02-07T10:08:50.325Z] >>> [apiv2][query] GET https://firebase.googleapis.com/v1beta1/projects/foxdental-ea707/webApps/-/config [none]
[debug] [2024-02-07T10:08:51.174Z] <<< [apiv2][status] GET https://firebase.googleapis.com/v1beta1/projects/foxdental-ea707/webApps/-/config 200
[debug] [2024-02-07T10:08:51.174Z] <<< [apiv2][body] GET https://firebase.googleapis.com/v1beta1/projects/foxdental-ea707/webApps/-/config {"projectId":"foxdental-ea707","appId":"1:211667581892:web:e730c1a756efcb7854c291","storageBucket":"foxdental-ea707.appspot.com","locationId":"europe-west","apiKey":"AIzaSyDNPqeJmKuDmo6XbhLYrF9hskDPp5vN6W0","authDomain":"foxdental-ea707.firebaseapp.com","messagingSenderId":"211667581892","measurementId":"G-YY9ZG8XCHT"}
[info] 
   Thank you for trying our early preview of Next.js support on Firebase Hosting.
   During the preview, support is best-effort and breaking changes can be expected. Proceed with caution.

   Documentation: https://firebase.google.com/docs/hosting/frameworks/nextjs
   File a bug: https://github.com/firebase/firebase-tools/issues/new?template=bug_report.md
   Submit a feature request: https://github.com/firebase/firebase-tools/issues/new?template=feature_request.md

   We'd love to learn from you. Express your interest in helping us shape the future of Firebase Hosting: https://goo.gle/41enW5X

[debug] [2024-02-07T10:08:56.122Z] >>> [apiv2][query] GET https://firebasehosting.googleapis.com/v1beta1/projects/foxdental-ea707/sites/foxdental-ea707 [none]
[debug] [2024-02-07T10:08:56.364Z] <<< [apiv2][status] GET https://firebasehosting.googleapis.com/v1beta1/projects/foxdental-ea707/sites/foxdental-ea707 200
[debug] [2024-02-07T10:08:56.365Z] <<< [apiv2][body] GET https://firebasehosting.googleapis.com/v1beta1/projects/foxdental-ea707/sites/foxdental-ea707 {"name":"projects/foxdental-ea707/sites/foxdental-ea707","defaultUrl":"https://foxdental-ea707.web.app","type":"DEFAULT_SITE"}
[info]    ▲ Next.js 14.0.4

[info] 

[info]    Creating an optimized production build ...

[info] <w> [webpack.cache.PackFileCacheStrategy] Skipped not serializable cache item 'Compilation/modules|javascript/auto|/Users/marina/Documents/GitHub/fox_dental/node_modules/next/dist/build/webpack/loaders/next-flight-css-loader.js??ruleSet[1].rules[12].oneOf[9].use[0]!/Users/marina/Documents/GitHub/fox_dental/node_modules/next/dist/build/webpack/loaders/css-loader/src/index.js??ruleSet[1].rules[12].oneOf[9].use[1]!/Users/marina/Documents/GitHub/fox_dental/node_modules/next/dist/build/webpack/loaders/postcss-loader/src/index.js??ruleSet[1].rules[12].oneOf[9].use[2]!/Users/marina/Documents/GitHub/fox_dental/node_modules/next/dist/build/webpack/loaders/resolve-url-loader/index.js??ruleSet[1].rules[12].oneOf[9].use[3]!/Users/marina/Documents/GitHub/fox_dental/node_modules/next/dist/compiled/sass-loader/cjs.js??ruleSet[1].rules[12].oneOf[9].use[4]!/Users/marina/Documents/GitHub/fox_dental/src/components/servisesPageComponents/servise/Servise.module.scss|ssr': No serializer registered for Warning
<w> while serializing webpack/lib/cache/PackFileCacheStrategy.PackContentItems -> webpack/lib/NormalModule -> Array { 1 items } -> webpack/lib/ModuleWarning -> Warning

[info] (node:71403) [DEP_WEBPACK_MODULE_UPDATE_HASH] DeprecationWarning: Module.updateHash: Use new ChunkGraph API
(Use `node --trace-deprecation ...` to show where the warning was created)

[info]  ⚠ Compiled with warnings

./src/components/servisesPageComponents/servise/Servise.module.scss
Warning

(1:358) autoprefixer: end value has mixed support, consider using flex-end instead

Import trace for requested module:
./src/components/servisesPageComponents/servise/Servise.module.scss
./src/components/servisesPageComponents/servise/Servise.jsx
./src/app/servises/page.jsx


[info]    Linting and checking validity of types ...

[info]    Collecting page data ...

[info]    Generating static pages (0/7) ...

[info]    Generating static pages (1/7) 

[info]    Generating static pages (3/7) 

[info] [2024-02-07T10:09:10.155Z]  @firebase/analytics: Analytics: Firebase Analytics is not supported in this environment. Wrap initialization of analytics in analytics.isSupported() to prevent initialization in unsupported environments. Details: (1) Cookies are not available. (analytics/invalid-analytics-context).
ReferenceError: window is not defined
    at rr (/Users/marina/Documents/GitHub/fox_dental/.next/server/chunks/955.js:627:571)
    at rL (/Users/marina/Documents/GitHub/fox_dental/.next/server/chunks/955.js:672:948)
    at en.instanceFactory (/Users/marina/Documents/GitHub/fox_dental/.next/server/chunks/955.js:672:1877)
    at es.getOrInitializeService (/Users/marina/Documents/GitHub/fox_dental/.next/server/chunks/955.js:192:2847)
    at es.initialize (/Users/marina/Documents/GitHub/fox_dental/.next/server/chunks/955.js:192:2185)
    at rB (/Users/marina/Documents/GitHub/fox_dental/.next/server/chunks/955.js:672:1367)
    at rj (/Users/marina/Documents/GitHub/fox_dental/.next/server/chunks/955.js:672:1179)
    at 1688 (/Users/marina/Documents/GitHub/fox_dental/.next/server/chunks/578.js:9:6002)
    at t (/Users/marina/Documents/GitHub/fox_dental/.next/server/webpack-runtime.js:1:128)
    at 8882 (/Users/marina/Documents/GitHub/fox_dental/.next/server/chunks/578.js:9:6063)

Error occurred prerendering page "/_not-found". Read more: https://nextjs.org/docs/messages/prerender-error
ReferenceError: window is not defined
    at rr (/Users/marina/Documents/GitHub/fox_dental/.next/server/chunks/955.js:627:571)
    at rL (/Users/marina/Documents/GitHub/fox_dental/.next/server/chunks/955.js:672:948)
    at en.instanceFactory (/Users/marina/Documents/GitHub/fox_dental/.next/server/chunks/955.js:672:1877)
    at es.getOrInitializeService (/Users/marina/Documents/GitHub/fox_dental/.next/server/chunks/955.js:192:2847)
    at es.initialize (/Users/marina/Documents/GitHub/fox_dental/.next/server/chunks/955.js:192:2185)
    at rB (/Users/marina/Documents/GitHub/fox_dental/.next/server/chunks/955.js:672:1367)
    at rj (/Users/marina/Documents/GitHub/fox_dental/.next/server/chunks/955.js:672:1179)
    at 1688 (/Users/marina/Documents/GitHub/fox_dental/.next/server/chunks/578.js:9:6002)
    at t (/Users/marina/Documents/GitHub/fox_dental/.next/server/webpack-runtime.js:1:128)
    at 8882 (/Users/marina/Documents/GitHub/fox_dental/.next/server/chunks/578.js:9:6063)
[2024-02-07T10:09:10.187Z]  @firebase/analytics: Analytics: Firebase Analytics is not supported in this environment. Wrap initialization of analytics in analytics.isSupported() to prevent initialization in unsupported environments. Details: (1) Cookies are not available. (analytics/invalid-analytics-context).
ReferenceError: window is not defined
    at rr (/Users/marina/Documents/GitHub/fox_dental/.next/server/chunks/955.js:627:571)
    at rL (/Users/marina/Documents/GitHub/fox_dental/.next/server/chunks/955.js:672:948)
    at en.instanceFactory (/Users/marina/Documents/GitHub/fox_dental/.next/server/chunks/955.js:672:1877)
    at es.getOrInitializeService (/Users/marina/Documents/GitHub/fox_dental/.next/server/chunks/955.js:192:2847)
    at es.initialize (/Users/marina/Documents/GitHub/fox_dental/.next/server/chunks/955.js:192:2185)
    at rB (/Users/marina/Documents/GitHub/fox_dental/.next/server/chunks/955.js:672:1367)
    at rj (/Users/marina/Documents/GitHub/fox_dental/.next/server/chunks/955.js:672:1179)
    at 1688 (/Users/marina/Documents/GitHub/fox_dental/.next/server/chunks/578.js:9:6002)
    at t (/Users/marina/Documents/GitHub/fox_dental/.next/server/webpack-runtime.js:1:128)
    at 8882 (/Users/marina/Documents/GitHub/fox_dental/.next/server/chunks/578.js:9:6063)

Error occurred prerendering page "/contacts". Read more: https://nextjs.org/docs/messages/prerender-error
ReferenceError: window is not defined
    at rr (/Users/marina/Documents/GitHub/fox_dental/.next/server/chunks/955.js:627:571)
    at rL (/Users/marina/Documents/GitHub/fox_dental/.next/server/chunks/955.js:672:948)
    at en.instanceFactory (/Users/marina/Documents/GitHub/fox_dental/.next/server/chunks/955.js:672:1877)
    at es.getOrInitializeService (/Users/marina/Documents/GitHub/fox_dental/.next/server/chunks/955.js:192:2847)
    at es.initialize (/Users/marina/Documents/GitHub/fox_dental/.next/server/chunks/955.js:192:2185)
    at rB (/Users/marina/Documents/GitHub/fox_dental/.next/server/chunks/955.js:672:1367)
    at rj (/Users/marina/Documents/GitHub/fox_dental/.next/server/chunks/955.js:672:1179)
    at 1688 (/Users/marina/Documents/GitHub/fox_dental/.next/server/chunks/578.js:9:6002)
    at t (/Users/marina/Documents/GitHub/fox_dental/.next/server/webpack-runtime.js:1:128)
    at 8882 (/Users/marina/Documents/GitHub/fox_dental/.next/server/chunks/578.js:9:6063)
[2024-02-07T10:09:10.197Z]  @firebase/analytics: Analytics: Firebase Analytics is not supported in this environment. Wrap initialization of analytics in analytics.isSupported() to prevent initialization in unsupported environments. Details: (1) Cookies are not available. (analytics/invalid-analytics-context).
ReferenceError: window is not defined
    at rr (/Users/marina/Documents/GitHub/fox_dental/.next/server/chunks/955.js:627:571)
    at rL (/Users/marina/Documents/GitHub/fox_dental/.next/server/chunks/955.js:672:948)
    at en.instanceFactory (/Users/marina/Documents/GitHub/fox_dental/.next/server/chunks/955.js:672:1877)
    at es.getOrInitializeService (/Users/marina/Documents/GitHub/fox_dental/.next/server/chunks/955.js:192:2847)
    at es.initialize (/Users/marina/Documents/GitHub/fox_dental/.next/server/chunks/955.js:192:2185)
    at rB (/Users/marina/Documents/GitHub/fox_dental/.next/server/chunks/955.js:672:1367)
    at rj (/Users/marina/Documents/GitHub/fox_dental/.next/server/chunks/955.js:672:1179)
    at 1688 (/Users/marina/Documents/GitHub/fox_dental/.next/server/chunks/578.js:9:6002)
    at t (/Users/marina/Documents/GitHub/fox_dental/.next/server/webpack-runtime.js:1:128)
    at 8882 (/Users/marina/Documents/GitHub/fox_dental/.next/server/chunks/578.js:9:6063)

Error occurred prerendering page "/". Read more: https://nextjs.org/docs/messages/prerender-error
ReferenceError: window is not defined
    at rr (/Users/marina/Documents/GitHub/fox_dental/.next/server/chunks/955.js:627:571)
    at rL (/Users/marina/Documents/GitHub/fox_dental/.next/server/chunks/955.js:672:948)
    at en.instanceFactory (/Users/marina/Documents/GitHub/fox_dental/.next/server/chunks/955.js:672:1877)
    at es.getOrInitializeService (/Users/marina/Documents/GitHub/fox_dental/.next/server/chunks/955.js:192:2847)
    at es.initialize (/Users/marina/Documents/GitHub/fox_dental/.next/server/chunks/955.js:192:2185)
    at rB (/Users/marina/Documents/GitHub/fox_dental/.next/server/chunks/955.js:672:1367)
    at rj (/Users/marina/Documents/GitHub/fox_dental/.next/server/chunks/955.js:672:1179)
    at 1688 (/Users/marina/Documents/GitHub/fox_dental/.next/server/chunks/578.js:9:6002)
    at t (/Users/marina/Documents/GitHub/fox_dental/.next/server/webpack-runtime.js:1:128)
    at 8882 (/Users/marina/Documents/GitHub/fox_dental/.next/server/chunks/578.js:9:6063)

[info]    Generating static pages (5/7) 

[info] [2024-02-07T10:09:10.917Z]  @firebase/analytics: Analytics: Firebase Analytics is not supported in this environment. Wrap initialization of analytics in analytics.isSupported() to prevent initialization in unsupported environments. Details: (1) Cookies are not available. (analytics/invalid-analytics-context).
ReferenceError: window is not defined
    at rr (/Users/marina/Documents/GitHub/fox_dental/.next/server/chunks/955.js:627:571)
    at rL (/Users/marina/Documents/GitHub/fox_dental/.next/server/chunks/955.js:672:948)
    at en.instanceFactory (/Users/marina/Documents/GitHub/fox_dental/.next/server/chunks/955.js:672:1877)
    at es.getOrInitializeService (/Users/marina/Documents/GitHub/fox_dental/.next/server/chunks/955.js:192:2847)
    at es.initialize (/Users/marina/Documents/GitHub/fox_dental/.next/server/chunks/955.js:192:2185)
    at rB (/Users/marina/Documents/GitHub/fox_dental/.next/server/chunks/955.js:672:1367)
    at rj (/Users/marina/Documents/GitHub/fox_dental/.next/server/chunks/955.js:672:1179)
    at 1688 (/Users/marina/Documents/GitHub/fox_dental/.next/server/chunks/578.js:9:6002)
    at t (/Users/marina/Documents/GitHub/fox_dental/.next/server/webpack-runtime.js:1:128)
    at 8331 (/Users/marina/Documents/GitHub/fox_dental/.next/server/app/servises/page.js:1:6773)

Error occurred prerendering page "/servises". Read more: https://nextjs.org/docs/messages/prerender-error
ReferenceError: window is not defined
    at rr (/Users/marina/Documents/GitHub/fox_dental/.next/server/chunks/955.js:627:571)
    at rL (/Users/marina/Documents/GitHub/fox_dental/.next/server/chunks/955.js:672:948)
    at en.instanceFactory (/Users/marina/Documents/GitHub/fox_dental/.next/server/chunks/955.js:672:1877)
    at es.getOrInitializeService (/Users/marina/Documents/GitHub/fox_dental/.next/server/chunks/955.js:192:2847)
    at es.initialize (/Users/marina/Documents/GitHub/fox_dental/.next/server/chunks/955.js:192:2185)
    at rB (/Users/marina/Documents/GitHub/fox_dental/.next/server/chunks/955.js:672:1367)
    at rj (/Users/marina/Documents/GitHub/fox_dental/.next/server/chunks/955.js:672:1179)
    at 1688 (/Users/marina/Documents/GitHub/fox_dental/.next/server/chunks/578.js:9:6002)
    at t (/Users/marina/Documents/GitHub/fox_dental/.next/server/webpack-runtime.js:1:128)
    at 8331 (/Users/marina/Documents/GitHub/fox_dental/.next/server/app/servises/page.js:1:6773)

[info] [2024-02-07T10:09:10.946Z]  @firebase/analytics: Analytics: Firebase Analytics is not supported in this environment. Wrap initialization of analytics in analytics.isSupported() to prevent initialization in unsupported environments. Details: (1) Cookies are not available. (analytics/invalid-analytics-context).
ReferenceError: window is not defined
    at rr (/Users/marina/Documents/GitHub/fox_dental/.next/server/chunks/955.js:627:571)
    at rL (/Users/marina/Documents/GitHub/fox_dental/.next/server/chunks/955.js:672:948)
    at en.instanceFactory (/Users/marina/Documents/GitHub/fox_dental/.next/server/chunks/955.js:672:1877)
    at es.getOrInitializeService (/Users/marina/Documents/GitHub/fox_dental/.next/server/chunks/955.js:192:2847)
    at es.initialize (/Users/marina/Documents/GitHub/fox_dental/.next/server/chunks/955.js:192:2185)
    at rB (/Users/marina/Documents/GitHub/fox_dental/.next/server/chunks/955.js:672:1367)
    at rj (/Users/marina/Documents/GitHub/fox_dental/.next/server/chunks/955.js:672:1179)
    at 1688 (/Users/marina/Documents/GitHub/fox_dental/.next/server/chunks/578.js:9:6002)
    at t (/Users/marina/Documents/GitHub/fox_dental/.next/server/webpack-runtime.js:1:128)
    at 8331 (/Users/marina/Documents/GitHub/fox_dental/.next/server/app/prices/page.js:1:8229)

Error occurred prerendering page "/prices". Read more: https://nextjs.org/docs/messages/prerender-error
ReferenceError: window is not defined
    at rr (/Users/marina/Documents/GitHub/fox_dental/.next/server/chunks/955.js:627:571)
    at rL (/Users/marina/Documents/GitHub/fox_dental/.next/server/chunks/955.js:672:948)
    at en.instanceFactory (/Users/marina/Documents/GitHub/fox_dental/.next/server/chunks/955.js:672:1877)
    at es.getOrInitializeService (/Users/marina/Documents/GitHub/fox_dental/.next/server/chunks/955.js:192:2847)
    at es.initialize (/Users/marina/Documents/GitHub/fox_dental/.next/server/chunks/955.js:192:2185)
    at rB (/Users/marina/Documents/GitHub/fox_dental/.next/server/chunks/955.js:672:1367)
    at rj (/Users/marina/Documents/GitHub/fox_dental/.next/server/chunks/955.js:672:1179)
    at 1688 (/Users/marina/Documents/GitHub/fox_dental/.next/server/chunks/578.js:9:6002)
    at t (/Users/marina/Documents/GitHub/fox_dental/.next/server/webpack-runtime.js:1:128)
    at 8331 (/Users/marina/Documents/GitHub/fox_dental/.next/server/app/prices/page.js:1:8229)

[info]  ✓ Generating static pages (7/7) 

[info] 

[info] > Export encountered errors on following paths:
	/_not-found
	/contacts/page: /contacts
	/page: /
	/prices/page: /prices
	/servises/page: /servises

[debug] [2024-02-07T10:09:14.026Z] Error: ENOENT: no such file or directory, open '/Users/marina/Documents/GitHub/fox_dental/.next/export-marker.json'
[error] 
[error] Error: An unexpected error has occurred.
